<?xml version="1.0" encoding="UTF-8"?>
<!-- Generated by org.testng.reporters.JUnitXMLReporter -->
<testsuite ignored="0" hostname="DESKTOP-1CC16KL" failures="1" tests="1" name="AssertTest" time="3.499" errors="0" timestamp="2025-06-28T16:22:32 IST">
  <testcase classname="TestNGPractice.com.testng.SoftAssert" name="browser" time="3.496">
    <failure type="java.lang.AssertionError" message="The following asserts failed:
	expected [https://www.seleniu.dev/] but found [https://www.selenium.dev/]">
      <![CDATA[java.lang.AssertionError: The following asserts failed:
expected [https://www.seleniu.dev/] but found [https://www.selenium.dev/]
at TestNGPractice.com.testng.SoftAssert.browser(SoftAssert.java:16)
at java.base/java.util.ArrayList.forEach(ArrayList.java:1604)
... Removed 28 stack frames]]>
    </failure>
  </testcase> <!-- browser -->
</testsuite> <!-- AssertTest -->
